<?xml version="1.0" encoding="UTF-8"?>
<!-- Generated by org.testng.reporters.JUnitReportReporter -->
<testsuite hostname="C02H37X5Q6L4" failures="0" tests="1" name="com.micrositescreenloadtimeqa.testcases.MicrositePageLoadTimeTest" time="8.134" errors="0" timestamp="10 May 2023 17:34:47 GMT" skipped="0">
  <testcase classname="com.micrositescreenloadtimeqa.testcases.MicrositePageLoadTimeTest" name="haryanaStudentTimeTest" time="8.134"/>
</testsuite> <!-- com.micrositescreenloadtimeqa.testcases.MicrositePageLoadTimeTest -->
